26.04.2018 15:50:19 –°—Ç–∞—Ä—Ç
26.04.2018 15:50:19 –ó–∞–≥—Ä—É–∂–µ–Ω—ã –Ω–∞—Å—Ç—Ä–æ–π–∫–∏ —É–ø—Ä–∞–≤–ª–µ–Ω–∏—è default
26.04.2018 15:50:19 –ó–∞–≥—Ä—É–∂–∞–µ–º –Ω–∞—Å—Ç—Ä–æ–π–∫–∏ current...
26.04.2018 15:50:19 –ù–∞—Å—Ç—Ä–æ–π–∫–∏ current –∑–∞–≥—Ä—É–∂–µ–Ω—ã
26.04.2018 15:50:21 –ù–µ —É–¥–∞–ª–æ—Å—å –æ—Ç–∫—Ä—ã—Ç—å —Ñ–∞–π–ª ./maps/--------------------˝.png
26.04.2018 15:50:21 –ù–µ —É–¥–∞–ª–æ—Å—å –æ—Ç–∫—Ä—ã—Ç—å —Ñ–∞–π–ª ./maps/--------------------˝.png
26.04.2018 15:50:21 –ù–µ —É–¥–∞–ª–æ—Å—å –æ—Ç–∫—Ä—ã—Ç—å —Ñ–∞–π–ª ./maps/--------------------Ê.png
26.04.2018 15:50:21 –ù–µ —É–¥–∞–ª–æ—Å—å –æ—Ç–∫—Ä—ã—Ç—å —Ñ–∞–π–ª ./maps/--------------------Ê.png
26.04.2018 15:50:21 –ù–µ —É–¥–∞–ª–æ—Å—å –æ—Ç–∫—Ä—ã—Ç—å —Ñ–∞–π–ª ./maps/--------------------Ê.png
26.04.2018 15:50:21 –ù–µ —É–¥–∞–ª–æ—Å—å –æ—Ç–∫—Ä—ã—Ç—å —Ñ–∞–π–ª ./maps/--------------------Ê.png
26.04.2018 15:50:21 –ù–µ —É–¥–∞–ª–æ—Å—å –æ—Ç–∫—Ä—ã—Ç—å —Ñ–∞–π–ª ./maps/--------------------Ê.png
26.04.2018 15:50:21 –ù–µ —É–¥–∞–ª–æ—Å—å –æ—Ç–∫—Ä—ã—Ç—å —Ñ–∞–π–ª ./maps/--------------------Ê.png
26.04.2018 15:50:21 –ù–µ —É–¥–∞–ª–æ—Å—å –æ—Ç–∫—Ä—ã—Ç—å —Ñ–∞–π–ª ./maps/--------------------Ê.png
26.04.2018 15:50:21 –ù–µ —É–¥–∞–ª–æ—Å—å –æ—Ç–∫—Ä—ã—Ç—å —Ñ–∞–π–ª ./maps/--------------------Ê.png
26.04.2018 15:50:21 –ù–µ —É–¥–∞–ª–æ—Å—å –æ—Ç–∫—Ä—ã—Ç—å —Ñ–∞–π–ª ./maps/--------------------Ê.png
26.04.2018 15:50:21 –ù–µ —É–¥–∞–ª–æ—Å—å –æ—Ç–∫—Ä—ã—Ç—å —Ñ–∞–π–ª ./maps/--------------------Ê.png
26.04.2018 15:50:21 –£—Å–ø–µ—à–Ω–æ –∑–∞–≥—Ä—É–∂–µ–Ω –æ–±—ä–µ–∫—Ç table
26.04.2018 15:51:17 –ù–∞—Å—Ç—Ä–æ–π–∫–∏ current —Å–æ—Ö—Ä–∞–Ω–µ–Ω—ã
26.04.2018 15:51:17 –í—ã—Ö–æ–¥ –∏–∑ SURE...
26.04.2018 15:51:17 –§–∏–Ω–∏—à
