22.03.2018 17:51:58 Старт
22.03.2018 17:51:58 Платформа №0 (NVIDIA CUDA)
22.03.2018 17:51:58 Используется платформа №0
22.03.2018 17:51:58 Устройство №0:
22.03.2018 17:51:58 Имя - GeForce GT 620M
22.03.2018 17:51:58 Поставщик - NVIDIA Corporation
22.03.2018 17:51:58 Память: 1023 МБ
22.03.2018 17:51:58 Ядра: 2
22.03.2018 17:51:58 Частота: 1250 МГц
22.03.2018 17:51:58 Разрядность адреса: 32 бит
22.03.2018 17:51:58 Параметры параллелизации (размер группы/изменерия/размерность):
22.03.2018 17:51:58 Размер группы параррелизации 1024, изменений 3
22.03.2018 17:51:58 Размерности:
22.03.2018 17:51:58 Измерение 0 размер 1024
22.03.2018 17:51:58 Измерение 1 размер 1024
22.03.2018 17:51:58 Измерение 2 размер 64
22.03.2018 17:51:58 Доступные расширения:
cl_khr_byte_addressable_store cl_khr_icd cl_khr_gl_sharing cl_nv_compiler_options cl_nv_device_attribute_query cl_nv_pragma_unroll cl_nv_copy_opts  cl_khr_global_int32_base_atomics cl_khr_global_int32_extended_atomics cl_khr_local_int32_base_atomics cl_khr_local_int32_extended_atomics cl_khr_fp64 
22.03.2018 17:51:58 Макс. разрядность вектора double: 1
22.03.2018 17:51:58 Поддерживается версия OpenCL: OpenCL C 1.1 
22.03.2018 17:51:58 Версия устройства: OpenCL 1.1 CUDA
22.03.2018 17:51:58 Версия драйвера: 340.102
22.03.2018 17:51:58 Аппаратная поддержка изображений есть
22.03.2018 17:51:58 Используется устройство №0.
22.03.2018 17:51:58 Поддерживаемые форматы изображений:
22.03.2018 17:51:58 CL_RGBA/CL_FLOAT(vertex image) -- поддерживается
22.03.2018 17:51:58 CL_RGBA/CL_SIGNED_INT32(mesh image) -- поддерживается
22.03.2018 17:51:58 CL_BGRA/CL_UNSIGNED_INT8(textures image) -- поддерживается
22.03.2018 17:58:18 Финиш
